<?xml version="1.0" encoding="UTF-8"?>
<testng-results ignored="0" total="1" passed="1" failed="0" skipped="0">
  <reporter-output>
  </reporter-output>
  <suite started-at="2022-03-31T23:48:16 IST" name="Default suite" finished-at="2022-03-31T23:48:40 IST" duration-ms="24233">
    <groups>
    </groups>
    <test started-at="2022-03-31T23:48:16 IST" name="Default test" finished-at="2022-03-31T23:48:40 IST" duration-ms="24233">
      <class name="PurpleStoreTestCase.CreateStoreTest">
        <test-method signature="tcCreateStore()[pri:0, instance:PurpleStoreTestCase.CreateStoreTest@25fb8912]" started-at="2022-03-31T23:48:16 IST" name="tcCreateStore" finished-at="2022-03-31T23:48:40 IST" duration-ms="24156" status="PASS">
          <reporter-output>
          </reporter-output>
        </test-method> <!-- tcCreateStore -->
      </class> <!-- PurpleStoreTestCase.CreateStoreTest -->
    </test> <!-- Default test -->
  </suite> <!-- Default suite -->
</testng-results>
